2016-02-05 14:49:52.846  INFO 41476 --- [main] com.meetup.AdminServer                   : Starting AdminServer on ishiahm-lt127 with PID 41476 (D:\spring-boot-workshop\spring-boot-admin\target\classes started by bhavesh.shah in D:\spring-boot-workshop\spring-boot-admin)
2016-02-05 14:49:52.889  INFO 41476 --- [main] com.meetup.AdminServer                   : No active profile set, falling back to default profiles: default
2016-02-05 14:49:53.270  INFO 41476 --- [main] ationConfigEmbeddedWebApplicationContext : Refreshing org.springframework.boot.context.embedded.AnnotationConfigEmbeddedWebApplicationContext@1ffe63b9: startup date [Fri Feb 05 14:49:53 IST 2016]; root of context hierarchy
2016-02-05 14:49:55.088  INFO 41476 --- [main] o.s.b.f.s.DefaultListableBeanFactory     : Overriding bean definition for bean 'beanNameViewResolver' with a different definition: replacing [Root bean: class [null]; scope=; abstract=false; lazyInit=false; autowireMode=3; dependencyCheck=0; autowireCandidate=true; primary=false; factoryBeanName=org.springframework.boot.autoconfigure.web.ErrorMvcAutoConfiguration$WhitelabelErrorViewConfiguration; factoryMethodName=beanNameViewResolver; initMethodName=null; destroyMethodName=(inferred); defined in class path resource [org/springframework/boot/autoconfigure/web/ErrorMvcAutoConfiguration$WhitelabelErrorViewConfiguration.class]] with [Root bean: class [null]; scope=; abstract=false; lazyInit=false; autowireMode=3; dependencyCheck=0; autowireCandidate=true; primary=false; factoryBeanName=org.springframework.boot.autoconfigure.web.WebMvcAutoConfiguration$WebMvcAutoConfigurationAdapter; factoryMethodName=beanNameViewResolver; initMethodName=null; destroyMethodName=(inferred); defined in class path resource [org/springframework/boot/autoconfigure/web/WebMvcAutoConfiguration$WebMvcAutoConfigurationAdapter.class]]
2016-02-05 14:49:55.307  INFO 41476 --- [main] o.s.b.f.s.DefaultListableBeanFactory     : Overriding bean definition for bean 'managementServletContext' with a different definition: replacing [Root bean: class [null]; scope=; abstract=false; lazyInit=false; autowireMode=3; dependencyCheck=0; autowireCandidate=true; primary=false; factoryBeanName=org.springframework.boot.actuate.autoconfigure.EndpointWebMvcHypermediaManagementContextConfiguration; factoryMethodName=managementServletContext; initMethodName=null; destroyMethodName=(inferred); defined in class path resource [org/springframework/boot/actuate/autoconfigure/EndpointWebMvcHypermediaManagementContextConfiguration.class]] with [Root bean: class [null]; scope=; abstract=false; lazyInit=false; autowireMode=3; dependencyCheck=0; autowireCandidate=true; primary=false; factoryBeanName=org.springframework.boot.actuate.autoconfigure.EndpointWebMvcAutoConfiguration; factoryMethodName=managementServletContext; initMethodName=null; destroyMethodName=(inferred); defined in class path resource [org/springframework/boot/actuate/autoconfigure/EndpointWebMvcAutoConfiguration.class]]
2016-02-05 14:49:57.512  INFO 41476 --- [main] s.b.c.e.t.TomcatEmbeddedServletContainer : Tomcat initialized with port(s): 9001 (http)
2016-02-05 14:49:57.536  INFO 41476 --- [main] o.apache.catalina.core.StandardService   : Starting service Tomcat
2016-02-05 14:49:57.538  INFO 41476 --- [main] org.apache.catalina.core.StandardEngine  : Starting Servlet Engine: Apache Tomcat/8.0.30
2016-02-05 14:49:57.802  INFO 41476 --- [localhost-startStop-1] o.a.c.c.C.[Tomcat].[localhost].[/]       : Initializing Spring embedded WebApplicationContext
2016-02-05 14:49:57.803  INFO 41476 --- [localhost-startStop-1] o.s.web.context.ContextLoader            : Root WebApplicationContext: initialization completed in 4554 ms
2016-02-05 14:49:58.701  WARN 41476 --- [localhost-startStop-1] c.n.c.sources.URLConfigurationSource     : No URLs will be polled as dynamic configuration sources.
2016-02-05 14:49:58.702  INFO 41476 --- [localhost-startStop-1] c.n.c.sources.URLConfigurationSource     : To enable URLs as dynamic configuration sources, define System property archaius.configurationSource.additionalUrls or make config.properties available on classpath.
2016-02-05 14:49:58.717  INFO 41476 --- [localhost-startStop-1] c.netflix.config.DynamicPropertyFactory  : DynamicPropertyFactory is initialized with configuration sources: com.netflix.config.ConcurrentCompositeConfiguration@32ba2d98
2016-02-05 14:49:58.992  INFO 41476 --- [localhost-startStop-1] o.s.b.c.e.ServletRegistrationBean        : Mapping servlet: 'dispatcherServlet' to [/]
2016-02-05 14:49:58.995  INFO 41476 --- [localhost-startStop-1] o.s.b.c.e.ServletRegistrationBean        : Mapping servlet: 'zuulServlet' to [/zuul/*]
2016-02-05 14:49:59.000  INFO 41476 --- [localhost-startStop-1] o.s.b.c.embedded.FilterRegistrationBean  : Mapping filter: 'metricFilter' to: [/*]
2016-02-05 14:49:59.001  INFO 41476 --- [localhost-startStop-1] o.s.b.c.embedded.FilterRegistrationBean  : Mapping filter: 'characterEncodingFilter' to: [/*]
2016-02-05 14:49:59.002  INFO 41476 --- [localhost-startStop-1] o.s.b.c.embedded.FilterRegistrationBean  : Mapping filter: 'hiddenHttpMethodFilter' to: [/*]
2016-02-05 14:49:59.002  INFO 41476 --- [localhost-startStop-1] o.s.b.c.embedded.FilterRegistrationBean  : Mapping filter: 'httpPutFormContentFilter' to: [/*]
2016-02-05 14:49:59.002  INFO 41476 --- [localhost-startStop-1] o.s.b.c.embedded.FilterRegistrationBean  : Mapping filter: 'requestContextFilter' to: [/*]
2016-02-05 14:49:59.003  INFO 41476 --- [localhost-startStop-1] o.s.b.c.embedded.FilterRegistrationBean  : Mapping filter: 'webRequestLoggingFilter' to: [/*]
2016-02-05 14:49:59.003  INFO 41476 --- [localhost-startStop-1] o.s.b.c.embedded.FilterRegistrationBean  : Mapping filter: 'applicationContextIdFilter' to: [/*]
2016-02-05 14:49:59.048  INFO 41476 --- [localhost-startStop-1] o.s.c.n.zuul.ZuulFilterInitializer       : Starting filter initializer context listener
2016-02-05 14:49:59.561  INFO 41476 --- [main] s.w.s.m.m.a.RequestMappingHandlerAdapter : Looking for @ControllerAdvice: org.springframework.boot.context.embedded.AnnotationConfigEmbeddedWebApplicationContext@1ffe63b9: startup date [Fri Feb 05 14:49:53 IST 2016]; root of context hierarchy
2016-02-05 14:49:59.589  INFO 41476 --- [main] s.w.s.m.m.a.RequestMappingHandlerAdapter : Detected ResponseBodyAdvice bean in org.springframework.boot.actuate.autoconfigure.EndpointWebMvcHypermediaManagementContextConfiguration$ActuatorEndpointLinksAdvice
2016-02-05 14:49:59.677  INFO 41476 --- [main] s.w.s.m.m.a.RequestMappingHandlerMapping : Mapped "{[/error]}" onto public org.springframework.http.ResponseEntity<java.util.Map<java.lang.String, java.lang.Object>> org.springframework.boot.autoconfigure.web.BasicErrorController.error(javax.servlet.http.HttpServletRequest)
2016-02-05 14:49:59.679  INFO 41476 --- [main] s.w.s.m.m.a.RequestMappingHandlerMapping : Mapped "{[/error],produces=[text/html]}" onto public org.springframework.web.servlet.ModelAndView org.springframework.boot.autoconfigure.web.BasicErrorController.errorHtml(javax.servlet.http.HttpServletRequest,javax.servlet.http.HttpServletResponse)
2016-02-05 14:49:59.699  INFO 41476 --- [main] o.s.w.s.handler.SimpleUrlHandlerMapping  : Root mapping to handler of type [class org.springframework.web.servlet.mvc.ParameterizableViewController]
2016-02-05 14:49:59.714  INFO 41476 --- [main] o.s.w.s.handler.SimpleUrlHandlerMapping  : Mapped URL path [/webjars/**] onto handler of type [class org.springframework.web.servlet.resource.ResourceHttpRequestHandler]
2016-02-05 14:49:59.714  INFO 41476 --- [main] o.s.w.s.handler.SimpleUrlHandlerMapping  : Mapped URL path [/**] onto handler of type [class org.springframework.web.servlet.resource.ResourceHttpRequestHandler]
2016-02-05 14:49:59.715  INFO 41476 --- [main] o.s.w.s.handler.SimpleUrlHandlerMapping  : Mapped URL path [/docs/**] onto handler of type [class org.springframework.web.servlet.resource.ResourceHttpRequestHandler]
2016-02-05 14:49:59.745  INFO 41476 --- [main] .m.m.a.ExceptionHandlerExceptionResolver : Detected ResponseBodyAdvice implementation in org.springframework.boot.actuate.autoconfigure.EndpointWebMvcHypermediaManagementContextConfiguration$ActuatorEndpointLinksAdvice
2016-02-05 14:49:59.772  INFO 41476 --- [main] o.s.w.s.handler.SimpleUrlHandlerMapping  : Mapped URL path [/**/favicon.ico] onto handler of type [class org.springframework.web.servlet.resource.ResourceHttpRequestHandler]
2016-02-05 14:50:00.410  INFO 41476 --- [main] o.a.c.c.C.[Tomcat].[localhost].[/]       : jolokia: No access restrictor found at classpath:/jolokia-access.xml, access to all MBeans is allowed
2016-02-05 14:50:00.959  INFO 41476 --- [main] o.s.b.a.e.mvc.EndpointHandlerMapping     : Mapped "{[/jolokia/**]}" onto public org.springframework.web.servlet.ModelAndView org.springframework.boot.actuate.endpoint.mvc.JolokiaMvcEndpoint.handle(javax.servlet.http.HttpServletRequest,javax.servlet.http.HttpServletResponse) throws java.lang.Exception
2016-02-05 14:50:00.961  INFO 41476 --- [main] o.s.b.a.e.mvc.EndpointHandlerMapping     : Mapped "{[/mappings || /mappings.json],methods=[GET],produces=[application/json]}" onto public java.lang.Object org.springframework.boot.actuate.endpoint.mvc.EndpointMvcAdapter.invoke()
2016-02-05 14:50:00.963  INFO 41476 --- [main] o.s.b.a.e.mvc.EndpointHandlerMapping     : Mapped "{[/configprops || /configprops.json],methods=[GET],produces=[application/json]}" onto public java.lang.Object org.springframework.boot.actuate.endpoint.mvc.EndpointMvcAdapter.invoke()
2016-02-05 14:50:00.965  INFO 41476 --- [main] o.s.b.a.e.mvc.EndpointHandlerMapping     : Mapped "{[/info || /info.json],methods=[GET],produces=[application/json]}" onto public java.lang.Object org.springframework.boot.actuate.endpoint.mvc.EndpointMvcAdapter.invoke()
2016-02-05 14:50:00.966  INFO 41476 --- [main] o.s.b.a.e.mvc.EndpointHandlerMapping     : Mapped "{[/docs],produces=[text/html]}" onto public java.lang.String org.springframework.boot.actuate.endpoint.mvc.DocsMvcEndpoint.redirect()
2016-02-05 14:50:00.967  INFO 41476 --- [main] o.s.b.a.e.mvc.EndpointHandlerMapping     : Mapped "{[/docs/],produces=[text/html]}" onto public java.lang.String org.springframework.boot.actuate.endpoint.mvc.DocsMvcEndpoint.browse()
2016-02-05 14:50:00.968  INFO 41476 --- [main] o.s.b.a.e.mvc.EndpointHandlerMapping     : Mapped "{[/trace || /trace.json],methods=[GET],produces=[application/json]}" onto public java.lang.Object org.springframework.boot.actuate.endpoint.mvc.EndpointMvcAdapter.invoke()
2016-02-05 14:50:00.975  INFO 41476 --- [main] o.s.b.a.e.mvc.EndpointHandlerMapping     : Mapped "{[/env/{name:.*}],methods=[GET],produces=[application/json]}" onto public java.lang.Object org.springframework.boot.actuate.endpoint.mvc.EnvironmentMvcEndpoint.value(java.lang.String)
2016-02-05 14:50:00.975  INFO 41476 --- [main] o.s.b.a.e.mvc.EndpointHandlerMapping     : Mapped "{[/env || /env.json],methods=[GET],produces=[application/json]}" onto public java.lang.Object org.springframework.boot.actuate.endpoint.mvc.EndpointMvcAdapter.invoke()
2016-02-05 14:50:00.976  INFO 41476 --- [main] o.s.b.a.e.mvc.EndpointHandlerMapping     : Mapped "{[/autoconfig || /autoconfig.json],methods=[GET],produces=[application/json]}" onto public java.lang.Object org.springframework.boot.actuate.endpoint.mvc.EndpointMvcAdapter.invoke()
2016-02-05 14:50:00.977  INFO 41476 --- [main] o.s.b.a.e.mvc.EndpointHandlerMapping     : Mapped "{[/health || /health.json],produces=[application/json]}" onto public java.lang.Object org.springframework.boot.actuate.endpoint.mvc.HealthMvcEndpoint.invoke(java.security.Principal)
2016-02-05 14:50:00.978  INFO 41476 --- [main] o.s.b.a.e.mvc.EndpointHandlerMapping     : Mapped "{[/beans || /beans.json],methods=[GET],produces=[application/json]}" onto public java.lang.Object org.springframework.boot.actuate.endpoint.mvc.EndpointMvcAdapter.invoke()
2016-02-05 14:50:00.980  INFO 41476 --- [main] o.s.b.a.e.mvc.EndpointHandlerMapping     : Mapped "{[/archaius || /archaius.json],methods=[GET],produces=[application/json]}" onto public java.lang.Object org.springframework.boot.actuate.endpoint.mvc.EndpointMvcAdapter.invoke()
2016-02-05 14:50:00.981  INFO 41476 --- [main] o.s.b.a.e.mvc.EndpointHandlerMapping     : Mapped "{[/actuator || /actuator.json],produces=[application/json]}" onto public org.springframework.hateoas.ResourceSupport org.springframework.boot.actuate.endpoint.mvc.HalJsonMvcEndpoint.links()
2016-02-05 14:50:00.984  INFO 41476 --- [main] o.s.b.a.e.mvc.EndpointHandlerMapping     : Mapped "{[/metrics/{name:.*}],methods=[GET],produces=[application/json]}" onto public java.lang.Object org.springframework.boot.actuate.endpoint.mvc.MetricsMvcEndpoint.value(java.lang.String)
2016-02-05 14:50:00.985  INFO 41476 --- [main] o.s.b.a.e.mvc.EndpointHandlerMapping     : Mapped "{[/metrics || /metrics.json],methods=[GET],produces=[application/json]}" onto public java.lang.Object org.springframework.boot.actuate.endpoint.mvc.EndpointMvcAdapter.invoke()
2016-02-05 14:50:00.986  INFO 41476 --- [main] o.s.b.a.e.mvc.EndpointHandlerMapping     : Mapped "{[/logfile || /logfile.json],methods=[GET || HEAD]}" onto public void org.springframework.boot.actuate.endpoint.mvc.LogFileMvcEndpoint.invoke(javax.servlet.http.HttpServletRequest,javax.servlet.http.HttpServletResponse) throws javax.servlet.ServletException,java.io.IOException
2016-02-05 14:50:00.987  INFO 41476 --- [main] o.s.b.a.e.mvc.EndpointHandlerMapping     : Mapped "{[/dump || /dump.json],methods=[GET],produces=[application/json]}" onto public java.lang.Object org.springframework.boot.actuate.endpoint.mvc.EndpointMvcAdapter.invoke()
2016-02-05 14:50:01.065  WARN 41476 --- [main] c.n.c.sources.URLConfigurationSource     : No URLs will be polled as dynamic configuration sources.
2016-02-05 14:50:01.176  INFO 41476 --- [main] c.n.c.sources.URLConfigurationSource     : To enable URLs as dynamic configuration sources, define System property archaius.configurationSource.additionalUrls or make config.properties available on classpath.
2016-02-05 14:50:01.226  INFO 41476 --- [main] d.c.boot.admin.web.PrefixHandlerMapping  : Mapped "{[/api/applications/{id}],methods=[GET]}" onto public org.springframework.http.ResponseEntity<?> de.codecentric.boot.admin.controller.RegistryController.get(java.lang.String)
2016-02-05 14:50:01.226  INFO 41476 --- [main] d.c.boot.admin.web.PrefixHandlerMapping  : Mapped "{[/api/applications],methods=[POST]}" onto public org.springframework.http.ResponseEntity<de.codecentric.boot.admin.model.Application> de.codecentric.boot.admin.controller.RegistryController.register(de.codecentric.boot.admin.model.Application)
2016-02-05 14:50:01.227  INFO 41476 --- [main] d.c.boot.admin.web.PrefixHandlerMapping  : Mapped "{[/api/applications/{id}],methods=[DELETE]}" onto public org.springframework.http.ResponseEntity<?> de.codecentric.boot.admin.controller.RegistryController.unregister(java.lang.String)
2016-02-05 14:50:01.227  INFO 41476 --- [main] d.c.boot.admin.web.PrefixHandlerMapping  : Mapped "{[/api/applications],methods=[GET]}" onto public java.util.Collection<de.codecentric.boot.admin.model.Application> de.codecentric.boot.admin.controller.RegistryController.applications(java.lang.String)
2016-02-05 14:50:01.228  INFO 41476 --- [main] d.c.boot.admin.web.PrefixHandlerMapping  : Mapped "{[/api/journal]}" onto public java.util.Collection<de.codecentric.boot.admin.event.ClientApplicationEvent> de.codecentric.boot.admin.controller.JournalController.getJournal()
2016-02-05 14:50:01.386  INFO 41476 --- [main] o.s.j.e.a.AnnotationMBeanExporter        : Registering beans for JMX exposure on startup
2016-02-05 14:50:01.404  INFO 41476 --- [main] o.s.c.support.DefaultLifecycleProcessor  : Starting beans in phase 0
2016-02-05 14:50:01.880  INFO 41476 --- [main] s.b.c.e.t.TomcatEmbeddedServletContainer : Tomcat started on port(s): 9001 (http)
2016-02-05 14:50:01.889  INFO 41476 --- [main] com.meetup.AdminServer                   : Started AdminServer in 10.575 seconds (JVM running for 11.693)
2016-02-05 14:50:02.143  INFO 41476 --- [http-nio-9001-exec-1] o.a.c.c.C.[Tomcat].[localhost].[/]       : Initializing Spring FrameworkServlet 'dispatcherServlet'
2016-02-05 14:50:02.144  INFO 41476 --- [http-nio-9001-exec-1] o.s.web.servlet.DispatcherServlet        : FrameworkServlet 'dispatcherServlet': initialization started
2016-02-05 14:50:02.171  INFO 41476 --- [http-nio-9001-exec-1] o.s.web.servlet.DispatcherServlet        : FrameworkServlet 'dispatcherServlet': initialization completed in 27 ms
2016-02-05 14:50:02.281  INFO 41476 --- [http-nio-9001-exec-1] d.c.b.a.registry.ApplicationRegistry     : New Application Application [id=aaf31818, name=spring-boot-admin, managementUrl=http://ishiahm-lt127.ishisystems.com:9001, healthUrl=http://ishiahm-lt127.ishisystems.com:9001/health, serviceUrl=http://ishiahm-lt127.ishisystems.com:9001] registered 
2016-02-05 14:50:02.376  INFO 41476 --- [http-nio-9001-exec-1] o.s.c.n.zuul.web.ZuulHandlerMapping      : Mapped URL path [/api/applications/aaf31818/health/**] onto handler of type [class org.springframework.cloud.netflix.zuul.web.ZuulController]
2016-02-05 14:50:02.377  INFO 41476 --- [http-nio-9001-exec-1] o.s.c.n.zuul.web.ZuulHandlerMapping      : Mapped URL path [/api/applications/aaf31818/env/**] onto handler of type [class org.springframework.cloud.netflix.zuul.web.ZuulController]
2016-02-05 14:50:02.377  INFO 41476 --- [http-nio-9001-exec-1] o.s.c.n.zuul.web.ZuulHandlerMapping      : Mapped URL path [/api/applications/aaf31818/metrics/**] onto handler of type [class org.springframework.cloud.netflix.zuul.web.ZuulController]
2016-02-05 14:50:02.378  INFO 41476 --- [http-nio-9001-exec-1] o.s.c.n.zuul.web.ZuulHandlerMapping      : Mapped URL path [/api/applications/aaf31818/trace/**] onto handler of type [class org.springframework.cloud.netflix.zuul.web.ZuulController]
2016-02-05 14:50:02.378  INFO 41476 --- [http-nio-9001-exec-1] o.s.c.n.zuul.web.ZuulHandlerMapping      : Mapped URL path [/api/applications/aaf31818/dump/**] onto handler of type [class org.springframework.cloud.netflix.zuul.web.ZuulController]
2016-02-05 14:50:02.378  INFO 41476 --- [http-nio-9001-exec-1] o.s.c.n.zuul.web.ZuulHandlerMapping      : Mapped URL path [/api/applications/aaf31818/jolokia/**] onto handler of type [class org.springframework.cloud.netflix.zuul.web.ZuulController]
2016-02-05 14:50:02.378  INFO 41476 --- [http-nio-9001-exec-1] o.s.c.n.zuul.web.ZuulHandlerMapping      : Mapped URL path [/api/applications/aaf31818/info/**] onto handler of type [class org.springframework.cloud.netflix.zuul.web.ZuulController]
2016-02-05 14:50:02.378  INFO 41476 --- [http-nio-9001-exec-1] o.s.c.n.zuul.web.ZuulHandlerMapping      : Mapped URL path [/api/applications/aaf31818/configprops/**] onto handler of type [class org.springframework.cloud.netflix.zuul.web.ZuulController]
2016-02-05 14:50:02.378  INFO 41476 --- [http-nio-9001-exec-1] o.s.c.n.zuul.web.ZuulHandlerMapping      : Mapped URL path [/api/applications/aaf31818/activiti/**] onto handler of type [class org.springframework.cloud.netflix.zuul.web.ZuulController]
2016-02-05 14:50:02.379  INFO 41476 --- [http-nio-9001-exec-1] o.s.c.n.zuul.web.ZuulHandlerMapping      : Mapped URL path [/api/applications/aaf31818/logfile/**] onto handler of type [class org.springframework.cloud.netflix.zuul.web.ZuulController]
2016-02-05 14:50:02.379  INFO 41476 --- [http-nio-9001-exec-1] o.s.c.n.zuul.web.ZuulHandlerMapping      : Mapped URL path [/api/applications/aaf31818/refresh/**] onto handler of type [class org.springframework.cloud.netflix.zuul.web.ZuulController]
2016-02-05 14:50:02.393  INFO 41476 --- [SimpleAsyncTaskExecutor-1] d.c.b.a.services.ApplicationRegistrator  : Application registered itself as {managementUrl=http://ishiahm-lt127.ishisystems.com:9001, healthUrl=http://ishiahm-lt127.ishisystems.com:9001/health, serviceUrl=http://ishiahm-lt127.ishisystems.com:9001, name=spring-boot-admin, id=aaf31818, statusInfo={status=UNKNOWN, timestamp=1454664002281}}
2016-02-05 20:07:33.088  INFO 41476 --- [http-nio-9001-exec-5] d.c.b.a.registry.ApplicationRegistry     : New Application Application [id=e67ba915, name=spring-boot-application, managementUrl=http://localhost:8585, healthUrl=http://localhost:8585/health, serviceUrl=http://localhost:8585] registered 
2016-02-05 20:07:33.874  INFO 41476 --- [http-nio-9001-exec-5] o.s.c.n.zuul.web.ZuulHandlerMapping      : Mapped URL path [/api/applications/e67ba915/health/**] onto handler of type [class org.springframework.cloud.netflix.zuul.web.ZuulController]
2016-02-05 20:07:33.874  INFO 41476 --- [http-nio-9001-exec-5] o.s.c.n.zuul.web.ZuulHandlerMapping      : Mapped URL path [/api/applications/e67ba915/env/**] onto handler of type [class org.springframework.cloud.netflix.zuul.web.ZuulController]
2016-02-05 20:07:33.874  INFO 41476 --- [http-nio-9001-exec-5] o.s.c.n.zuul.web.ZuulHandlerMapping      : Mapped URL path [/api/applications/e67ba915/metrics/**] onto handler of type [class org.springframework.cloud.netflix.zuul.web.ZuulController]
2016-02-05 20:07:33.875  INFO 41476 --- [http-nio-9001-exec-5] o.s.c.n.zuul.web.ZuulHandlerMapping      : Mapped URL path [/api/applications/e67ba915/trace/**] onto handler of type [class org.springframework.cloud.netflix.zuul.web.ZuulController]
2016-02-05 20:07:33.875  INFO 41476 --- [http-nio-9001-exec-5] o.s.c.n.zuul.web.ZuulHandlerMapping      : Mapped URL path [/api/applications/e67ba915/dump/**] onto handler of type [class org.springframework.cloud.netflix.zuul.web.ZuulController]
2016-02-05 20:07:33.875  INFO 41476 --- [http-nio-9001-exec-5] o.s.c.n.zuul.web.ZuulHandlerMapping      : Mapped URL path [/api/applications/e67ba915/jolokia/**] onto handler of type [class org.springframework.cloud.netflix.zuul.web.ZuulController]
2016-02-05 20:07:33.875  INFO 41476 --- [http-nio-9001-exec-5] o.s.c.n.zuul.web.ZuulHandlerMapping      : Mapped URL path [/api/applications/e67ba915/info/**] onto handler of type [class org.springframework.cloud.netflix.zuul.web.ZuulController]
2016-02-05 20:07:33.875  INFO 41476 --- [http-nio-9001-exec-5] o.s.c.n.zuul.web.ZuulHandlerMapping      : Mapped URL path [/api/applications/e67ba915/configprops/**] onto handler of type [class org.springframework.cloud.netflix.zuul.web.ZuulController]
2016-02-05 20:07:33.875  INFO 41476 --- [http-nio-9001-exec-5] o.s.c.n.zuul.web.ZuulHandlerMapping      : Mapped URL path [/api/applications/e67ba915/activiti/**] onto handler of type [class org.springframework.cloud.netflix.zuul.web.ZuulController]
2016-02-05 20:07:33.875  INFO 41476 --- [http-nio-9001-exec-5] o.s.c.n.zuul.web.ZuulHandlerMapping      : Mapped URL path [/api/applications/e67ba915/logfile/**] onto handler of type [class org.springframework.cloud.netflix.zuul.web.ZuulController]
2016-02-05 20:07:33.875  INFO 41476 --- [http-nio-9001-exec-5] o.s.c.n.zuul.web.ZuulHandlerMapping      : Mapped URL path [/api/applications/e67ba915/refresh/**] onto handler of type [class org.springframework.cloud.netflix.zuul.web.ZuulController]
2016-02-05 23:43:43.027  INFO 41476 --- [http-nio-9001-exec-9] d.c.b.a.registry.ApplicationRegistry     : New Application Application [id=0cf5a474, name=spring-boot-admin, managementUrl=http://ishi.localhost.com:9001, healthUrl=http://ishi.localhost.com:9001/health, serviceUrl=http://ishi.localhost.com:9001] registered 
2016-02-05 23:43:43.763  INFO 41476 --- [http-nio-9001-exec-9] o.s.c.n.zuul.web.ZuulHandlerMapping      : Mapped URL path [/api/applications/0cf5a474/health/**] onto handler of type [class org.springframework.cloud.netflix.zuul.web.ZuulController]
2016-02-05 23:43:43.763  INFO 41476 --- [http-nio-9001-exec-9] o.s.c.n.zuul.web.ZuulHandlerMapping      : Mapped URL path [/api/applications/0cf5a474/env/**] onto handler of type [class org.springframework.cloud.netflix.zuul.web.ZuulController]
2016-02-05 23:43:43.763  INFO 41476 --- [http-nio-9001-exec-9] o.s.c.n.zuul.web.ZuulHandlerMapping      : Mapped URL path [/api/applications/0cf5a474/metrics/**] onto handler of type [class org.springframework.cloud.netflix.zuul.web.ZuulController]
2016-02-05 23:43:43.763  INFO 41476 --- [http-nio-9001-exec-9] o.s.c.n.zuul.web.ZuulHandlerMapping      : Mapped URL path [/api/applications/0cf5a474/trace/**] onto handler of type [class org.springframework.cloud.netflix.zuul.web.ZuulController]
2016-02-05 23:43:43.782  INFO 41476 --- [http-nio-9001-exec-9] o.s.c.n.zuul.web.ZuulHandlerMapping      : Mapped URL path [/api/applications/0cf5a474/dump/**] onto handler of type [class org.springframework.cloud.netflix.zuul.web.ZuulController]
2016-02-05 23:43:43.782  INFO 41476 --- [http-nio-9001-exec-9] o.s.c.n.zuul.web.ZuulHandlerMapping      : Mapped URL path [/api/applications/0cf5a474/jolokia/**] onto handler of type [class org.springframework.cloud.netflix.zuul.web.ZuulController]
2016-02-05 23:43:43.782  INFO 41476 --- [http-nio-9001-exec-9] o.s.c.n.zuul.web.ZuulHandlerMapping      : Mapped URL path [/api/applications/0cf5a474/info/**] onto handler of type [class org.springframework.cloud.netflix.zuul.web.ZuulController]
2016-02-05 23:43:43.782  INFO 41476 --- [http-nio-9001-exec-9] o.s.c.n.zuul.web.ZuulHandlerMapping      : Mapped URL path [/api/applications/0cf5a474/configprops/**] onto handler of type [class org.springframework.cloud.netflix.zuul.web.ZuulController]
2016-02-05 23:43:43.783  INFO 41476 --- [http-nio-9001-exec-9] o.s.c.n.zuul.web.ZuulHandlerMapping      : Mapped URL path [/api/applications/0cf5a474/activiti/**] onto handler of type [class org.springframework.cloud.netflix.zuul.web.ZuulController]
2016-02-05 23:43:43.783  INFO 41476 --- [http-nio-9001-exec-9] o.s.c.n.zuul.web.ZuulHandlerMapping      : Mapped URL path [/api/applications/0cf5a474/logfile/**] onto handler of type [class org.springframework.cloud.netflix.zuul.web.ZuulController]
2016-02-05 23:43:43.783  INFO 41476 --- [http-nio-9001-exec-9] o.s.c.n.zuul.web.ZuulHandlerMapping      : Mapped URL path [/api/applications/0cf5a474/refresh/**] onto handler of type [class org.springframework.cloud.netflix.zuul.web.ZuulController]
2016-02-05 23:43:51.289  INFO 41476 --- [http-nio-9001-exec-6] d.c.b.a.registry.ApplicationRegistry     : New Application Application [id=26dbc5fa, name=spring-boot-admin, managementUrl=http://192.168.56.1:9001, healthUrl=http://192.168.56.1:9001/health, serviceUrl=http://192.168.56.1:9001] registered 
2016-02-05 23:43:51.296  INFO 41476 --- [http-nio-9001-exec-6] o.s.c.n.zuul.web.ZuulHandlerMapping      : Mapped URL path [/api/applications/26dbc5fa/health/**] onto handler of type [class org.springframework.cloud.netflix.zuul.web.ZuulController]
2016-02-05 23:43:51.296  INFO 41476 --- [http-nio-9001-exec-6] o.s.c.n.zuul.web.ZuulHandlerMapping      : Mapped URL path [/api/applications/26dbc5fa/env/**] onto handler of type [class org.springframework.cloud.netflix.zuul.web.ZuulController]
2016-02-05 23:43:51.296  INFO 41476 --- [http-nio-9001-exec-6] o.s.c.n.zuul.web.ZuulHandlerMapping      : Mapped URL path [/api/applications/26dbc5fa/metrics/**] onto handler of type [class org.springframework.cloud.netflix.zuul.web.ZuulController]
2016-02-05 23:43:51.296  INFO 41476 --- [http-nio-9001-exec-6] o.s.c.n.zuul.web.ZuulHandlerMapping      : Mapped URL path [/api/applications/26dbc5fa/trace/**] onto handler of type [class org.springframework.cloud.netflix.zuul.web.ZuulController]
2016-02-05 23:43:51.296  INFO 41476 --- [http-nio-9001-exec-6] o.s.c.n.zuul.web.ZuulHandlerMapping      : Mapped URL path [/api/applications/26dbc5fa/dump/**] onto handler of type [class org.springframework.cloud.netflix.zuul.web.ZuulController]
2016-02-05 23:43:51.296  INFO 41476 --- [http-nio-9001-exec-6] o.s.c.n.zuul.web.ZuulHandlerMapping      : Mapped URL path [/api/applications/26dbc5fa/jolokia/**] onto handler of type [class org.springframework.cloud.netflix.zuul.web.ZuulController]
2016-02-05 23:43:51.296  INFO 41476 --- [http-nio-9001-exec-6] o.s.c.n.zuul.web.ZuulHandlerMapping      : Mapped URL path [/api/applications/26dbc5fa/info/**] onto handler of type [class org.springframework.cloud.netflix.zuul.web.ZuulController]
2016-02-05 23:43:51.296  INFO 41476 --- [http-nio-9001-exec-6] o.s.c.n.zuul.web.ZuulHandlerMapping      : Mapped URL path [/api/applications/26dbc5fa/configprops/**] onto handler of type [class org.springframework.cloud.netflix.zuul.web.ZuulController]
2016-02-05 23:43:51.297  INFO 41476 --- [http-nio-9001-exec-6] o.s.c.n.zuul.web.ZuulHandlerMapping      : Mapped URL path [/api/applications/26dbc5fa/activiti/**] onto handler of type [class org.springframework.cloud.netflix.zuul.web.ZuulController]
2016-02-05 23:43:51.297  INFO 41476 --- [http-nio-9001-exec-6] o.s.c.n.zuul.web.ZuulHandlerMapping      : Mapped URL path [/api/applications/26dbc5fa/logfile/**] onto handler of type [class org.springframework.cloud.netflix.zuul.web.ZuulController]
2016-02-05 23:43:51.297  INFO 41476 --- [http-nio-9001-exec-6] o.s.c.n.zuul.web.ZuulHandlerMapping      : Mapped URL path [/api/applications/26dbc5fa/refresh/**] onto handler of type [class org.springframework.cloud.netflix.zuul.web.ZuulController]
2016-02-05 23:49:13.730  WARN 41476 --- [pool-4-thread-1] d.c.boot.admin.registry.StatusUpdater    : Couldn't retrieve status for Application [id=e67ba915, name=spring-boot-application, managementUrl=http://localhost:8585, healthUrl=http://localhost:8585/health, serviceUrl=http://localhost:8585]

org.springframework.web.client.ResourceAccessException: I/O error on GET request for "http://localhost:8585/health": Connection refused: connect; nested exception is java.net.ConnectException: Connection refused: connect
	at org.springframework.web.client.RestTemplate.doExecute(RestTemplate.java:607) ~[spring-web-4.2.4.RELEASE.jar:4.2.4.RELEASE]
	at org.springframework.web.client.RestTemplate.execute(RestTemplate.java:557) ~[spring-web-4.2.4.RELEASE.jar:4.2.4.RELEASE]
	at org.springframework.web.client.RestTemplate.getForEntity(RestTemplate.java:289) ~[spring-web-4.2.4.RELEASE.jar:4.2.4.RELEASE]
	at de.codecentric.boot.admin.registry.StatusUpdater.queryStatus(StatusUpdater.java:78) [spring-boot-admin-server-1.3.2.jar:1.3.2]
	at de.codecentric.boot.admin.registry.StatusUpdater.updateStatus(StatusUpdater.java:62) [spring-boot-admin-server-1.3.2.jar:1.3.2]
	at de.codecentric.boot.admin.registry.StatusUpdater.updateStatusForAllApplications(StatusUpdater.java:55) [spring-boot-admin-server-1.3.2.jar:1.3.2]
	at de.codecentric.boot.admin.config.AdminServerWebConfiguration$2.run(AdminServerWebConfiguration.java:189) [spring-boot-admin-server-1.3.2.jar:1.3.2]
	at org.springframework.scheduling.support.DelegatingErrorHandlingRunnable.run(DelegatingErrorHandlingRunnable.java:54) [spring-context-4.2.4.RELEASE.jar:4.2.4.RELEASE]
	at java.util.concurrent.Executors$RunnableAdapter.call(Executors.java:511) [na:1.8.0_45]
	at java.util.concurrent.FutureTask.runAndReset(FutureTask.java:308) [na:1.8.0_45]
	at java.util.concurrent.ScheduledThreadPoolExecutor$ScheduledFutureTask.access$301(ScheduledThreadPoolExecutor.java:180) [na:1.8.0_45]
	at java.util.concurrent.ScheduledThreadPoolExecutor$ScheduledFutureTask.run(ScheduledThreadPoolExecutor.java:294) [na:1.8.0_45]
	at java.util.concurrent.ThreadPoolExecutor.runWorker(ThreadPoolExecutor.java:1142) [na:1.8.0_45]
	at java.util.concurrent.ThreadPoolExecutor$Worker.run(ThreadPoolExecutor.java:617) [na:1.8.0_45]
	at java.lang.Thread.run(Thread.java:745) [na:1.8.0_45]
Caused by: java.net.ConnectException: Connection refused: connect
	at java.net.DualStackPlainSocketImpl.connect0(Native Method) ~[na:1.8.0_45]
	at java.net.DualStackPlainSocketImpl.socketConnect(DualStackPlainSocketImpl.java:79) ~[na:1.8.0_45]
	at java.net.AbstractPlainSocketImpl.doConnect(AbstractPlainSocketImpl.java:345) ~[na:1.8.0_45]
	at java.net.AbstractPlainSocketImpl.connectToAddress(AbstractPlainSocketImpl.java:206) ~[na:1.8.0_45]
	at java.net.AbstractPlainSocketImpl.connect(AbstractPlainSocketImpl.java:188) ~[na:1.8.0_45]
	at java.net.PlainSocketImpl.connect(PlainSocketImpl.java:172) ~[na:1.8.0_45]
	at java.net.SocksSocketImpl.connect(SocksSocketImpl.java:392) ~[na:1.8.0_45]
	at java.net.Socket.connect(Socket.java:589) ~[na:1.8.0_45]
	at java.net.Socket.connect(Socket.java:538) ~[na:1.8.0_45]
	at sun.net.NetworkClient.doConnect(NetworkClient.java:180) ~[na:1.8.0_45]
	at sun.net.www.http.HttpClient.openServer(HttpClient.java:432) ~[na:1.8.0_45]
	at sun.net.www.http.HttpClient.openServer(HttpClient.java:527) ~[na:1.8.0_45]
	at sun.net.www.http.HttpClient.<init>(HttpClient.java:211) ~[na:1.8.0_45]
	at sun.net.www.http.HttpClient.New(HttpClient.java:308) ~[na:1.8.0_45]
	at sun.net.www.http.HttpClient.New(HttpClient.java:326) ~[na:1.8.0_45]
	at sun.net.www.protocol.http.HttpURLConnection.getNewHttpClient(HttpURLConnection.java:1168) ~[na:1.8.0_45]
	at sun.net.www.protocol.http.HttpURLConnection.plainConnect0(HttpURLConnection.java:1104) ~[na:1.8.0_45]
	at sun.net.www.protocol.http.HttpURLConnection.plainConnect(HttpURLConnection.java:998) ~[na:1.8.0_45]
	at sun.net.www.protocol.http.HttpURLConnection.connect(HttpURLConnection.java:932) ~[na:1.8.0_45]
	at org.springframework.http.client.SimpleBufferingClientHttpRequest.executeInternal(SimpleBufferingClientHttpRequest.java:80) ~[spring-web-4.2.4.RELEASE.jar:4.2.4.RELEASE]
	at org.springframework.http.client.AbstractBufferingClientHttpRequest.executeInternal(AbstractBufferingClientHttpRequest.java:48) ~[spring-web-4.2.4.RELEASE.jar:4.2.4.RELEASE]
	at org.springframework.http.client.AbstractClientHttpRequest.execute(AbstractClientHttpRequest.java:53) ~[spring-web-4.2.4.RELEASE.jar:4.2.4.RELEASE]
	at org.springframework.web.client.RestTemplate.doExecute(RestTemplate.java:596) ~[spring-web-4.2.4.RELEASE.jar:4.2.4.RELEASE]
	... 14 common frames omitted

2016-02-06 00:13:44.510  INFO 11196 --- [main] com.meetup.AdminServer                   : Starting AdminServer on ishiahm-lt127 with PID 11196 (D:\spring-boot-workshop\spring-boot-admin\target\classes started by bhavesh.shah in D:\spring-boot-workshop\spring-boot-admin)
2016-02-06 00:13:44.521  INFO 11196 --- [main] com.meetup.AdminServer                   : No active profile set, falling back to default profiles: default
2016-02-06 00:13:44.663  INFO 11196 --- [main] ationConfigEmbeddedWebApplicationContext : Refreshing org.springframework.boot.context.embedded.AnnotationConfigEmbeddedWebApplicationContext@51e5fc98: startup date [Sat Feb 06 00:13:44 IST 2016]; root of context hierarchy
2016-02-06 00:13:46.540  INFO 11196 --- [main] o.s.b.f.s.DefaultListableBeanFactory     : Overriding bean definition for bean 'beanNameViewResolver' with a different definition: replacing [Root bean: class [null]; scope=; abstract=false; lazyInit=false; autowireMode=3; dependencyCheck=0; autowireCandidate=true; primary=false; factoryBeanName=org.springframework.boot.autoconfigure.web.ErrorMvcAutoConfiguration$WhitelabelErrorViewConfiguration; factoryMethodName=beanNameViewResolver; initMethodName=null; destroyMethodName=(inferred); defined in class path resource [org/springframework/boot/autoconfigure/web/ErrorMvcAutoConfiguration$WhitelabelErrorViewConfiguration.class]] with [Root bean: class [null]; scope=; abstract=false; lazyInit=false; autowireMode=3; dependencyCheck=0; autowireCandidate=true; primary=false; factoryBeanName=org.springframework.boot.autoconfigure.web.WebMvcAutoConfiguration$WebMvcAutoConfigurationAdapter; factoryMethodName=beanNameViewResolver; initMethodName=null; destroyMethodName=(inferred); defined in class path resource [org/springframework/boot/autoconfigure/web/WebMvcAutoConfiguration$WebMvcAutoConfigurationAdapter.class]]
2016-02-06 00:13:46.832  INFO 11196 --- [main] o.s.b.f.s.DefaultListableBeanFactory     : Overriding bean definition for bean 'managementServletContext' with a different definition: replacing [Root bean: class [null]; scope=; abstract=false; lazyInit=false; autowireMode=3; dependencyCheck=0; autowireCandidate=true; primary=false; factoryBeanName=org.springframework.boot.actuate.autoconfigure.EndpointWebMvcHypermediaManagementContextConfiguration; factoryMethodName=managementServletContext; initMethodName=null; destroyMethodName=(inferred); defined in class path resource [org/springframework/boot/actuate/autoconfigure/EndpointWebMvcHypermediaManagementContextConfiguration.class]] with [Root bean: class [null]; scope=; abstract=false; lazyInit=false; autowireMode=3; dependencyCheck=0; autowireCandidate=true; primary=false; factoryBeanName=org.springframework.boot.actuate.autoconfigure.EndpointWebMvcAutoConfiguration; factoryMethodName=managementServletContext; initMethodName=null; destroyMethodName=(inferred); defined in class path resource [org/springframework/boot/actuate/autoconfigure/EndpointWebMvcAutoConfiguration.class]]
2016-02-06 00:13:48.504  INFO 11196 --- [main] s.b.c.e.t.TomcatEmbeddedServletContainer : Tomcat initialized with port(s): 9001 (http)
2016-02-06 00:13:48.527  INFO 11196 --- [main] o.apache.catalina.core.StandardService   : Starting service Tomcat
2016-02-06 00:13:48.529  INFO 11196 --- [main] org.apache.catalina.core.StandardEngine  : Starting Servlet Engine: Apache Tomcat/8.0.30
2016-02-06 00:13:48.690  INFO 11196 --- [localhost-startStop-1] o.a.c.c.C.[Tomcat].[localhost].[/]       : Initializing Spring embedded WebApplicationContext
2016-02-06 00:13:48.690  INFO 11196 --- [localhost-startStop-1] o.s.web.context.ContextLoader            : Root WebApplicationContext: initialization completed in 4035 ms
2016-02-06 00:13:49.326  WARN 11196 --- [localhost-startStop-1] c.n.c.sources.URLConfigurationSource     : No URLs will be polled as dynamic configuration sources.
2016-02-06 00:13:49.327  INFO 11196 --- [localhost-startStop-1] c.n.c.sources.URLConfigurationSource     : To enable URLs as dynamic configuration sources, define System property archaius.configurationSource.additionalUrls or make config.properties available on classpath.
2016-02-06 00:13:49.337  INFO 11196 --- [localhost-startStop-1] c.netflix.config.DynamicPropertyFactory  : DynamicPropertyFactory is initialized with configuration sources: com.netflix.config.ConcurrentCompositeConfiguration@32f5002f
2016-02-06 00:13:49.579  INFO 11196 --- [localhost-startStop-1] o.s.b.c.e.ServletRegistrationBean        : Mapping servlet: 'dispatcherServlet' to [/]
2016-02-06 00:13:49.582  INFO 11196 --- [localhost-startStop-1] o.s.b.c.e.ServletRegistrationBean        : Mapping servlet: 'zuulServlet' to [/zuul/*]
2016-02-06 00:13:49.587  INFO 11196 --- [localhost-startStop-1] o.s.b.c.embedded.FilterRegistrationBean  : Mapping filter: 'metricFilter' to: [/*]
2016-02-06 00:13:49.587  INFO 11196 --- [localhost-startStop-1] o.s.b.c.embedded.FilterRegistrationBean  : Mapping filter: 'characterEncodingFilter' to: [/*]
2016-02-06 00:13:49.588  INFO 11196 --- [localhost-startStop-1] o.s.b.c.embedded.FilterRegistrationBean  : Mapping filter: 'hiddenHttpMethodFilter' to: [/*]
2016-02-06 00:13:49.588  INFO 11196 --- [localhost-startStop-1] o.s.b.c.embedded.FilterRegistrationBean  : Mapping filter: 'httpPutFormContentFilter' to: [/*]
2016-02-06 00:13:49.588  INFO 11196 --- [localhost-startStop-1] o.s.b.c.embedded.FilterRegistrationBean  : Mapping filter: 'requestContextFilter' to: [/*]
2016-02-06 00:13:49.588  INFO 11196 --- [localhost-startStop-1] o.s.b.c.embedded.FilterRegistrationBean  : Mapping filter: 'webRequestLoggingFilter' to: [/*]
2016-02-06 00:13:49.588  INFO 11196 --- [localhost-startStop-1] o.s.b.c.embedded.FilterRegistrationBean  : Mapping filter: 'applicationContextIdFilter' to: [/*]
2016-02-06 00:13:49.616  INFO 11196 --- [localhost-startStop-1] o.s.c.n.zuul.ZuulFilterInitializer       : Starting filter initializer context listener
2016-02-06 00:13:50.022  INFO 11196 --- [main] s.w.s.m.m.a.RequestMappingHandlerAdapter : Looking for @ControllerAdvice: org.springframework.boot.context.embedded.AnnotationConfigEmbeddedWebApplicationContext@51e5fc98: startup date [Sat Feb 06 00:13:44 IST 2016]; root of context hierarchy
2016-02-06 00:13:50.050  INFO 11196 --- [main] s.w.s.m.m.a.RequestMappingHandlerAdapter : Detected ResponseBodyAdvice bean in org.springframework.boot.actuate.autoconfigure.EndpointWebMvcHypermediaManagementContextConfiguration$ActuatorEndpointLinksAdvice
2016-02-06 00:13:50.119  INFO 11196 --- [main] s.w.s.m.m.a.RequestMappingHandlerMapping : Mapped "{[/error]}" onto public org.springframework.http.ResponseEntity<java.util.Map<java.lang.String, java.lang.Object>> org.springframework.boot.autoconfigure.web.BasicErrorController.error(javax.servlet.http.HttpServletRequest)
2016-02-06 00:13:50.120  INFO 11196 --- [main] s.w.s.m.m.a.RequestMappingHandlerMapping : Mapped "{[/error],produces=[text/html]}" onto public org.springframework.web.servlet.ModelAndView org.springframework.boot.autoconfigure.web.BasicErrorController.errorHtml(javax.servlet.http.HttpServletRequest,javax.servlet.http.HttpServletResponse)
2016-02-06 00:13:50.143  INFO 11196 --- [main] o.s.w.s.handler.SimpleUrlHandlerMapping  : Root mapping to handler of type [class org.springframework.web.servlet.mvc.ParameterizableViewController]
2016-02-06 00:13:50.159  INFO 11196 --- [main] o.s.w.s.handler.SimpleUrlHandlerMapping  : Mapped URL path [/webjars/**] onto handler of type [class org.springframework.web.servlet.resource.ResourceHttpRequestHandler]
2016-02-06 00:13:50.160  INFO 11196 --- [main] o.s.w.s.handler.SimpleUrlHandlerMapping  : Mapped URL path [/**] onto handler of type [class org.springframework.web.servlet.resource.ResourceHttpRequestHandler]
2016-02-06 00:13:50.160  INFO 11196 --- [main] o.s.w.s.handler.SimpleUrlHandlerMapping  : Mapped URL path [/docs/**] onto handler of type [class org.springframework.web.servlet.resource.ResourceHttpRequestHandler]
2016-02-06 00:13:50.189  INFO 11196 --- [main] .m.m.a.ExceptionHandlerExceptionResolver : Detected ResponseBodyAdvice implementation in org.springframework.boot.actuate.autoconfigure.EndpointWebMvcHypermediaManagementContextConfiguration$ActuatorEndpointLinksAdvice
2016-02-06 00:13:50.216  INFO 11196 --- [main] o.s.w.s.handler.SimpleUrlHandlerMapping  : Mapped URL path [/**/favicon.ico] onto handler of type [class org.springframework.web.servlet.resource.ResourceHttpRequestHandler]
2016-02-06 00:13:50.758  INFO 11196 --- [main] o.a.c.c.C.[Tomcat].[localhost].[/]       : jolokia: No access restrictor found at classpath:/jolokia-access.xml, access to all MBeans is allowed
2016-02-06 00:13:51.290  INFO 11196 --- [main] o.s.b.a.e.mvc.EndpointHandlerMapping     : Mapped "{[/metrics/{name:.*}],methods=[GET],produces=[application/json]}" onto public java.lang.Object org.springframework.boot.actuate.endpoint.mvc.MetricsMvcEndpoint.value(java.lang.String)
2016-02-06 00:13:51.290  INFO 11196 --- [main] o.s.b.a.e.mvc.EndpointHandlerMapping     : Mapped "{[/metrics || /metrics.json],methods=[GET],produces=[application/json]}" onto public java.lang.Object org.springframework.boot.actuate.endpoint.mvc.EndpointMvcAdapter.invoke()
2016-02-06 00:13:51.291  INFO 11196 --- [main] o.s.b.a.e.mvc.EndpointHandlerMapping     : Mapped "{[/autoconfig || /autoconfig.json],methods=[GET],produces=[application/json]}" onto public java.lang.Object org.springframework.boot.actuate.endpoint.mvc.EndpointMvcAdapter.invoke()
2016-02-06 00:13:51.292  INFO 11196 --- [main] o.s.b.a.e.mvc.EndpointHandlerMapping     : Mapped "{[/beans || /beans.json],methods=[GET],produces=[application/json]}" onto public java.lang.Object org.springframework.boot.actuate.endpoint.mvc.EndpointMvcAdapter.invoke()
2016-02-06 00:13:51.294  INFO 11196 --- [main] o.s.b.a.e.mvc.EndpointHandlerMapping     : Mapped "{[/docs],produces=[text/html]}" onto public java.lang.String org.springframework.boot.actuate.endpoint.mvc.DocsMvcEndpoint.redirect()
2016-02-06 00:13:51.295  INFO 11196 --- [main] o.s.b.a.e.mvc.EndpointHandlerMapping     : Mapped "{[/docs/],produces=[text/html]}" onto public java.lang.String org.springframework.boot.actuate.endpoint.mvc.DocsMvcEndpoint.browse()
2016-02-06 00:13:51.296  INFO 11196 --- [main] o.s.b.a.e.mvc.EndpointHandlerMapping     : Mapped "{[/info || /info.json],methods=[GET],produces=[application/json]}" onto public java.lang.Object org.springframework.boot.actuate.endpoint.mvc.EndpointMvcAdapter.invoke()
2016-02-06 00:13:51.299  INFO 11196 --- [main] o.s.b.a.e.mvc.EndpointHandlerMapping     : Mapped "{[/dump || /dump.json],methods=[GET],produces=[application/json]}" onto public java.lang.Object org.springframework.boot.actuate.endpoint.mvc.EndpointMvcAdapter.invoke()
2016-02-06 00:13:51.300  INFO 11196 --- [main] o.s.b.a.e.mvc.EndpointHandlerMapping     : Mapped "{[/env/{name:.*}],methods=[GET],produces=[application/json]}" onto public java.lang.Object org.springframework.boot.actuate.endpoint.mvc.EnvironmentMvcEndpoint.value(java.lang.String)
2016-02-06 00:13:51.300  INFO 11196 --- [main] o.s.b.a.e.mvc.EndpointHandlerMapping     : Mapped "{[/env || /env.json],methods=[GET],produces=[application/json]}" onto public java.lang.Object org.springframework.boot.actuate.endpoint.mvc.EndpointMvcAdapter.invoke()
2016-02-06 00:13:51.301  INFO 11196 --- [main] o.s.b.a.e.mvc.EndpointHandlerMapping     : Mapped "{[/mappings || /mappings.json],methods=[GET],produces=[application/json]}" onto public java.lang.Object org.springframework.boot.actuate.endpoint.mvc.EndpointMvcAdapter.invoke()
2016-02-06 00:13:51.302  INFO 11196 --- [main] o.s.b.a.e.mvc.EndpointHandlerMapping     : Mapped "{[/configprops || /configprops.json],methods=[GET],produces=[application/json]}" onto public java.lang.Object org.springframework.boot.actuate.endpoint.mvc.EndpointMvcAdapter.invoke()
2016-02-06 00:13:51.303  INFO 11196 --- [main] o.s.b.a.e.mvc.EndpointHandlerMapping     : Mapped "{[/health || /health.json],produces=[application/json]}" onto public java.lang.Object org.springframework.boot.actuate.endpoint.mvc.HealthMvcEndpoint.invoke(java.security.Principal)
2016-02-06 00:13:51.304  INFO 11196 --- [main] o.s.b.a.e.mvc.EndpointHandlerMapping     : Mapped "{[/archaius || /archaius.json],methods=[GET],produces=[application/json]}" onto public java.lang.Object org.springframework.boot.actuate.endpoint.mvc.EndpointMvcAdapter.invoke()
2016-02-06 00:13:51.305  INFO 11196 --- [main] o.s.b.a.e.mvc.EndpointHandlerMapping     : Mapped "{[/logfile || /logfile.json],methods=[GET || HEAD]}" onto public void org.springframework.boot.actuate.endpoint.mvc.LogFileMvcEndpoint.invoke(javax.servlet.http.HttpServletRequest,javax.servlet.http.HttpServletResponse) throws javax.servlet.ServletException,java.io.IOException
2016-02-06 00:13:51.306  INFO 11196 --- [main] o.s.b.a.e.mvc.EndpointHandlerMapping     : Mapped "{[/actuator || /actuator.json],produces=[application/json]}" onto public org.springframework.hateoas.ResourceSupport org.springframework.boot.actuate.endpoint.mvc.HalJsonMvcEndpoint.links()
2016-02-06 00:13:51.307  INFO 11196 --- [main] o.s.b.a.e.mvc.EndpointHandlerMapping     : Mapped "{[/jolokia/**]}" onto public org.springframework.web.servlet.ModelAndView org.springframework.boot.actuate.endpoint.mvc.JolokiaMvcEndpoint.handle(javax.servlet.http.HttpServletRequest,javax.servlet.http.HttpServletResponse) throws java.lang.Exception
2016-02-06 00:13:51.308  INFO 11196 --- [main] o.s.b.a.e.mvc.EndpointHandlerMapping     : Mapped "{[/trace || /trace.json],methods=[GET],produces=[application/json]}" onto public java.lang.Object org.springframework.boot.actuate.endpoint.mvc.EndpointMvcAdapter.invoke()
2016-02-06 00:13:51.374  WARN 11196 --- [main] c.n.c.sources.URLConfigurationSource     : No URLs will be polled as dynamic configuration sources.
2016-02-06 00:13:51.374  INFO 11196 --- [main] c.n.c.sources.URLConfigurationSource     : To enable URLs as dynamic configuration sources, define System property archaius.configurationSource.additionalUrls or make config.properties available on classpath.
2016-02-06 00:13:51.411  INFO 11196 --- [main] d.c.boot.admin.web.PrefixHandlerMapping  : Mapped "{[/api/applications/{id}],methods=[GET]}" onto public org.springframework.http.ResponseEntity<?> de.codecentric.boot.admin.controller.RegistryController.get(java.lang.String)
2016-02-06 00:13:51.412  INFO 11196 --- [main] d.c.boot.admin.web.PrefixHandlerMapping  : Mapped "{[/api/applications],methods=[POST]}" onto public org.springframework.http.ResponseEntity<de.codecentric.boot.admin.model.Application> de.codecentric.boot.admin.controller.RegistryController.register(de.codecentric.boot.admin.model.Application)
2016-02-06 00:13:51.412  INFO 11196 --- [main] d.c.boot.admin.web.PrefixHandlerMapping  : Mapped "{[/api/applications/{id}],methods=[DELETE]}" onto public org.springframework.http.ResponseEntity<?> de.codecentric.boot.admin.controller.RegistryController.unregister(java.lang.String)
2016-02-06 00:13:51.412  INFO 11196 --- [main] d.c.boot.admin.web.PrefixHandlerMapping  : Mapped "{[/api/applications],methods=[GET]}" onto public java.util.Collection<de.codecentric.boot.admin.model.Application> de.codecentric.boot.admin.controller.RegistryController.applications(java.lang.String)
2016-02-06 00:13:51.413  INFO 11196 --- [main] d.c.boot.admin.web.PrefixHandlerMapping  : Mapped "{[/api/journal]}" onto public java.util.Collection<de.codecentric.boot.admin.event.ClientApplicationEvent> de.codecentric.boot.admin.controller.JournalController.getJournal()
2016-02-06 00:13:51.532  INFO 11196 --- [main] o.s.j.e.a.AnnotationMBeanExporter        : Registering beans for JMX exposure on startup
2016-02-06 00:13:51.547  INFO 11196 --- [main] o.s.c.support.DefaultLifecycleProcessor  : Starting beans in phase 0
2016-02-06 00:13:51.892  INFO 11196 --- [main] s.b.c.e.t.TomcatEmbeddedServletContainer : Tomcat started on port(s): 9001 (http)
2016-02-06 00:13:51.900  INFO 11196 --- [main] com.meetup.AdminServer                   : Started AdminServer in 8.029 seconds (JVM running for 8.758)
2016-02-06 00:13:52.112  INFO 11196 --- [http-nio-9001-exec-1] o.a.c.c.C.[Tomcat].[localhost].[/]       : Initializing Spring FrameworkServlet 'dispatcherServlet'
2016-02-06 00:13:52.112  INFO 11196 --- [http-nio-9001-exec-1] o.s.web.servlet.DispatcherServlet        : FrameworkServlet 'dispatcherServlet': initialization started
2016-02-06 00:13:52.134  INFO 11196 --- [http-nio-9001-exec-1] o.s.web.servlet.DispatcherServlet        : FrameworkServlet 'dispatcherServlet': initialization completed in 21 ms
2016-02-06 00:13:52.234  INFO 11196 --- [http-nio-9001-exec-1] d.c.b.a.registry.ApplicationRegistry     : New Application Application [id=aaf31818, name=spring-boot-admin, managementUrl=http://ishiahm-lt127.ishisystems.com:9001, healthUrl=http://ishiahm-lt127.ishisystems.com:9001/health, serviceUrl=http://ishiahm-lt127.ishisystems.com:9001] registered 
2016-02-06 00:13:52.315  INFO 11196 --- [http-nio-9001-exec-1] o.s.c.n.zuul.web.ZuulHandlerMapping      : Mapped URL path [/api/applications/aaf31818/health/**] onto handler of type [class org.springframework.cloud.netflix.zuul.web.ZuulController]
2016-02-06 00:13:52.315  INFO 11196 --- [http-nio-9001-exec-1] o.s.c.n.zuul.web.ZuulHandlerMapping      : Mapped URL path [/api/applications/aaf31818/env/**] onto handler of type [class org.springframework.cloud.netflix.zuul.web.ZuulController]
2016-02-06 00:13:52.315  INFO 11196 --- [http-nio-9001-exec-1] o.s.c.n.zuul.web.ZuulHandlerMapping      : Mapped URL path [/api/applications/aaf31818/metrics/**] onto handler of type [class org.springframework.cloud.netflix.zuul.web.ZuulController]
2016-02-06 00:13:52.316  INFO 11196 --- [http-nio-9001-exec-1] o.s.c.n.zuul.web.ZuulHandlerMapping      : Mapped URL path [/api/applications/aaf31818/trace/**] onto handler of type [class org.springframework.cloud.netflix.zuul.web.ZuulController]
2016-02-06 00:13:52.316  INFO 11196 --- [http-nio-9001-exec-1] o.s.c.n.zuul.web.ZuulHandlerMapping      : Mapped URL path [/api/applications/aaf31818/dump/**] onto handler of type [class org.springframework.cloud.netflix.zuul.web.ZuulController]
2016-02-06 00:13:52.316  INFO 11196 --- [http-nio-9001-exec-1] o.s.c.n.zuul.web.ZuulHandlerMapping      : Mapped URL path [/api/applications/aaf31818/jolokia/**] onto handler of type [class org.springframework.cloud.netflix.zuul.web.ZuulController]
2016-02-06 00:13:52.316  INFO 11196 --- [http-nio-9001-exec-1] o.s.c.n.zuul.web.ZuulHandlerMapping      : Mapped URL path [/api/applications/aaf31818/info/**] onto handler of type [class org.springframework.cloud.netflix.zuul.web.ZuulController]
2016-02-06 00:13:52.316  INFO 11196 --- [http-nio-9001-exec-1] o.s.c.n.zuul.web.ZuulHandlerMapping      : Mapped URL path [/api/applications/aaf31818/configprops/**] onto handler of type [class org.springframework.cloud.netflix.zuul.web.ZuulController]
2016-02-06 00:13:52.316  INFO 11196 --- [http-nio-9001-exec-1] o.s.c.n.zuul.web.ZuulHandlerMapping      : Mapped URL path [/api/applications/aaf31818/activiti/**] onto handler of type [class org.springframework.cloud.netflix.zuul.web.ZuulController]
2016-02-06 00:13:52.316  INFO 11196 --- [http-nio-9001-exec-1] o.s.c.n.zuul.web.ZuulHandlerMapping      : Mapped URL path [/api/applications/aaf31818/logfile/**] onto handler of type [class org.springframework.cloud.netflix.zuul.web.ZuulController]
2016-02-06 00:13:52.316  INFO 11196 --- [http-nio-9001-exec-1] o.s.c.n.zuul.web.ZuulHandlerMapping      : Mapped URL path [/api/applications/aaf31818/refresh/**] onto handler of type [class org.springframework.cloud.netflix.zuul.web.ZuulController]
2016-02-06 00:13:52.335  INFO 11196 --- [SimpleAsyncTaskExecutor-1] d.c.b.a.services.ApplicationRegistrator  : Application registered itself as {managementUrl=http://ishiahm-lt127.ishisystems.com:9001, healthUrl=http://ishiahm-lt127.ishisystems.com:9001/health, serviceUrl=http://ishiahm-lt127.ishisystems.com:9001, name=spring-boot-admin, id=aaf31818, statusInfo={status=UNKNOWN, timestamp=1454697832234}}
2016-02-06 00:13:53.980  INFO 11196 --- [http-nio-9001-exec-4] d.c.b.a.registry.ApplicationRegistry     : New Application Application [id=e67ba915, name=spring-boot-workshop, managementUrl=http://localhost:8585, healthUrl=http://localhost:8585/health, serviceUrl=http://localhost:8585] registered 
2016-02-06 00:13:54.264  INFO 11196 --- [http-nio-9001-exec-4] o.s.c.n.zuul.web.ZuulHandlerMapping      : Mapped URL path [/api/applications/e67ba915/health/**] onto handler of type [class org.springframework.cloud.netflix.zuul.web.ZuulController]
2016-02-06 00:13:54.264  INFO 11196 --- [http-nio-9001-exec-4] o.s.c.n.zuul.web.ZuulHandlerMapping      : Mapped URL path [/api/applications/e67ba915/env/**] onto handler of type [class org.springframework.cloud.netflix.zuul.web.ZuulController]
2016-02-06 00:13:54.264  INFO 11196 --- [http-nio-9001-exec-4] o.s.c.n.zuul.web.ZuulHandlerMapping      : Mapped URL path [/api/applications/e67ba915/metrics/**] onto handler of type [class org.springframework.cloud.netflix.zuul.web.ZuulController]
2016-02-06 00:13:54.264  INFO 11196 --- [http-nio-9001-exec-4] o.s.c.n.zuul.web.ZuulHandlerMapping      : Mapped URL path [/api/applications/e67ba915/trace/**] onto handler of type [class org.springframework.cloud.netflix.zuul.web.ZuulController]
2016-02-06 00:13:54.264  INFO 11196 --- [http-nio-9001-exec-4] o.s.c.n.zuul.web.ZuulHandlerMapping      : Mapped URL path [/api/applications/e67ba915/dump/**] onto handler of type [class org.springframework.cloud.netflix.zuul.web.ZuulController]
2016-02-06 00:13:54.264  INFO 11196 --- [http-nio-9001-exec-4] o.s.c.n.zuul.web.ZuulHandlerMapping      : Mapped URL path [/api/applications/e67ba915/jolokia/**] onto handler of type [class org.springframework.cloud.netflix.zuul.web.ZuulController]
2016-02-06 00:13:54.265  INFO 11196 --- [http-nio-9001-exec-4] o.s.c.n.zuul.web.ZuulHandlerMapping      : Mapped URL path [/api/applications/e67ba915/info/**] onto handler of type [class org.springframework.cloud.netflix.zuul.web.ZuulController]
2016-02-06 00:13:54.267  INFO 11196 --- [http-nio-9001-exec-4] o.s.c.n.zuul.web.ZuulHandlerMapping      : Mapped URL path [/api/applications/e67ba915/configprops/**] onto handler of type [class org.springframework.cloud.netflix.zuul.web.ZuulController]
2016-02-06 00:13:54.267  INFO 11196 --- [http-nio-9001-exec-4] o.s.c.n.zuul.web.ZuulHandlerMapping      : Mapped URL path [/api/applications/e67ba915/activiti/**] onto handler of type [class org.springframework.cloud.netflix.zuul.web.ZuulController]
2016-02-06 00:13:54.267  INFO 11196 --- [http-nio-9001-exec-4] o.s.c.n.zuul.web.ZuulHandlerMapping      : Mapped URL path [/api/applications/e67ba915/logfile/**] onto handler of type [class org.springframework.cloud.netflix.zuul.web.ZuulController]
2016-02-06 00:13:54.267  INFO 11196 --- [http-nio-9001-exec-4] o.s.c.n.zuul.web.ZuulHandlerMapping      : Mapped URL path [/api/applications/e67ba915/refresh/**] onto handler of type [class org.springframework.cloud.netflix.zuul.web.ZuulController]
2016-02-06 10:01:33.759  INFO 11196 --- [http-nio-9001-exec-3] d.c.b.a.registry.ApplicationRegistry     : New Application Application [id=0cf5a474, name=spring-boot-admin, managementUrl=http://ishi.localhost.com:9001, healthUrl=http://ishi.localhost.com:9001/health, serviceUrl=http://ishi.localhost.com:9001] registered 
2016-02-06 10:01:33.790  INFO 11196 --- [http-nio-9001-exec-3] o.s.c.n.zuul.web.ZuulHandlerMapping      : Mapped URL path [/api/applications/0cf5a474/health/**] onto handler of type [class org.springframework.cloud.netflix.zuul.web.ZuulController]
2016-02-06 10:01:33.790  INFO 11196 --- [http-nio-9001-exec-3] o.s.c.n.zuul.web.ZuulHandlerMapping      : Mapped URL path [/api/applications/0cf5a474/env/**] onto handler of type [class org.springframework.cloud.netflix.zuul.web.ZuulController]
2016-02-06 10:01:33.790  INFO 11196 --- [http-nio-9001-exec-3] o.s.c.n.zuul.web.ZuulHandlerMapping      : Mapped URL path [/api/applications/0cf5a474/metrics/**] onto handler of type [class org.springframework.cloud.netflix.zuul.web.ZuulController]
2016-02-06 10:01:33.790  INFO 11196 --- [http-nio-9001-exec-3] o.s.c.n.zuul.web.ZuulHandlerMapping      : Mapped URL path [/api/applications/0cf5a474/trace/**] onto handler of type [class org.springframework.cloud.netflix.zuul.web.ZuulController]
2016-02-06 10:01:33.791  INFO 11196 --- [http-nio-9001-exec-3] o.s.c.n.zuul.web.ZuulHandlerMapping      : Mapped URL path [/api/applications/0cf5a474/dump/**] onto handler of type [class org.springframework.cloud.netflix.zuul.web.ZuulController]
2016-02-06 10:01:33.791  INFO 11196 --- [http-nio-9001-exec-3] o.s.c.n.zuul.web.ZuulHandlerMapping      : Mapped URL path [/api/applications/0cf5a474/jolokia/**] onto handler of type [class org.springframework.cloud.netflix.zuul.web.ZuulController]
2016-02-06 10:01:33.791  INFO 11196 --- [http-nio-9001-exec-3] o.s.c.n.zuul.web.ZuulHandlerMapping      : Mapped URL path [/api/applications/0cf5a474/info/**] onto handler of type [class org.springframework.cloud.netflix.zuul.web.ZuulController]
2016-02-06 10:01:33.791  INFO 11196 --- [http-nio-9001-exec-3] o.s.c.n.zuul.web.ZuulHandlerMapping      : Mapped URL path [/api/applications/0cf5a474/configprops/**] onto handler of type [class org.springframework.cloud.netflix.zuul.web.ZuulController]
2016-02-06 10:01:33.791  INFO 11196 --- [http-nio-9001-exec-3] o.s.c.n.zuul.web.ZuulHandlerMapping      : Mapped URL path [/api/applications/0cf5a474/activiti/**] onto handler of type [class org.springframework.cloud.netflix.zuul.web.ZuulController]
2016-02-06 10:01:33.791  INFO 11196 --- [http-nio-9001-exec-3] o.s.c.n.zuul.web.ZuulHandlerMapping      : Mapped URL path [/api/applications/0cf5a474/logfile/**] onto handler of type [class org.springframework.cloud.netflix.zuul.web.ZuulController]
2016-02-06 10:01:33.791  INFO 11196 --- [http-nio-9001-exec-3] o.s.c.n.zuul.web.ZuulHandlerMapping      : Mapped URL path [/api/applications/0cf5a474/refresh/**] onto handler of type [class org.springframework.cloud.netflix.zuul.web.ZuulController]
2016-02-06 10:01:39.968  INFO 11196 --- [http-nio-9001-exec-8] d.c.b.a.registry.ApplicationRegistry     : New Application Application [id=8a4f9f3a, name=spring-boot-admin, managementUrl=http://10.40.10.127:9001, healthUrl=http://10.40.10.127:9001/health, serviceUrl=http://10.40.10.127:9001] registered 
2016-02-06 10:01:40.021  INFO 11196 --- [http-nio-9001-exec-8] o.s.c.n.zuul.web.ZuulHandlerMapping      : Mapped URL path [/api/applications/8a4f9f3a/health/**] onto handler of type [class org.springframework.cloud.netflix.zuul.web.ZuulController]
2016-02-06 10:01:40.021  INFO 11196 --- [http-nio-9001-exec-8] o.s.c.n.zuul.web.ZuulHandlerMapping      : Mapped URL path [/api/applications/8a4f9f3a/env/**] onto handler of type [class org.springframework.cloud.netflix.zuul.web.ZuulController]
2016-02-06 10:01:40.021  INFO 11196 --- [http-nio-9001-exec-8] o.s.c.n.zuul.web.ZuulHandlerMapping      : Mapped URL path [/api/applications/8a4f9f3a/metrics/**] onto handler of type [class org.springframework.cloud.netflix.zuul.web.ZuulController]
2016-02-06 10:01:40.022  INFO 11196 --- [http-nio-9001-exec-8] o.s.c.n.zuul.web.ZuulHandlerMapping      : Mapped URL path [/api/applications/8a4f9f3a/trace/**] onto handler of type [class org.springframework.cloud.netflix.zuul.web.ZuulController]
2016-02-06 10:01:40.022  INFO 11196 --- [http-nio-9001-exec-8] o.s.c.n.zuul.web.ZuulHandlerMapping      : Mapped URL path [/api/applications/8a4f9f3a/dump/**] onto handler of type [class org.springframework.cloud.netflix.zuul.web.ZuulController]
2016-02-06 10:01:40.022  INFO 11196 --- [http-nio-9001-exec-8] o.s.c.n.zuul.web.ZuulHandlerMapping      : Mapped URL path [/api/applications/8a4f9f3a/jolokia/**] onto handler of type [class org.springframework.cloud.netflix.zuul.web.ZuulController]
2016-02-06 10:01:40.022  INFO 11196 --- [http-nio-9001-exec-8] o.s.c.n.zuul.web.ZuulHandlerMapping      : Mapped URL path [/api/applications/8a4f9f3a/info/**] onto handler of type [class org.springframework.cloud.netflix.zuul.web.ZuulController]
2016-02-06 10:01:40.022  INFO 11196 --- [http-nio-9001-exec-8] o.s.c.n.zuul.web.ZuulHandlerMapping      : Mapped URL path [/api/applications/8a4f9f3a/configprops/**] onto handler of type [class org.springframework.cloud.netflix.zuul.web.ZuulController]
2016-02-06 10:01:40.022  INFO 11196 --- [http-nio-9001-exec-8] o.s.c.n.zuul.web.ZuulHandlerMapping      : Mapped URL path [/api/applications/8a4f9f3a/activiti/**] onto handler of type [class org.springframework.cloud.netflix.zuul.web.ZuulController]
2016-02-06 10:01:40.022  INFO 11196 --- [http-nio-9001-exec-8] o.s.c.n.zuul.web.ZuulHandlerMapping      : Mapped URL path [/api/applications/8a4f9f3a/logfile/**] onto handler of type [class org.springframework.cloud.netflix.zuul.web.ZuulController]
2016-02-06 10:01:40.022  INFO 11196 --- [http-nio-9001-exec-8] o.s.c.n.zuul.web.ZuulHandlerMapping      : Mapped URL path [/api/applications/8a4f9f3a/refresh/**] onto handler of type [class org.springframework.cloud.netflix.zuul.web.ZuulController]
2016-02-06 10:30:32.215  WARN 11196 --- [pool-4-thread-1] d.c.boot.admin.registry.StatusUpdater    : Couldn't retrieve status for Application [id=e67ba915, name=spring-boot-workshop, managementUrl=http://localhost:8585, healthUrl=http://localhost:8585/health, serviceUrl=http://localhost:8585]

org.springframework.web.client.ResourceAccessException: I/O error on GET request for "http://localhost:8585/health": Connection refused: connect; nested exception is java.net.ConnectException: Connection refused: connect
	at org.springframework.web.client.RestTemplate.doExecute(RestTemplate.java:607) ~[spring-web-4.2.4.RELEASE.jar:4.2.4.RELEASE]
	at org.springframework.web.client.RestTemplate.execute(RestTemplate.java:557) ~[spring-web-4.2.4.RELEASE.jar:4.2.4.RELEASE]
	at org.springframework.web.client.RestTemplate.getForEntity(RestTemplate.java:289) ~[spring-web-4.2.4.RELEASE.jar:4.2.4.RELEASE]
	at de.codecentric.boot.admin.registry.StatusUpdater.queryStatus(StatusUpdater.java:78) [spring-boot-admin-server-1.3.2.jar:1.3.2]
	at de.codecentric.boot.admin.registry.StatusUpdater.updateStatus(StatusUpdater.java:62) [spring-boot-admin-server-1.3.2.jar:1.3.2]
	at de.codecentric.boot.admin.registry.StatusUpdater.updateStatusForAllApplications(StatusUpdater.java:55) [spring-boot-admin-server-1.3.2.jar:1.3.2]
	at de.codecentric.boot.admin.config.AdminServerWebConfiguration$2.run(AdminServerWebConfiguration.java:189) [spring-boot-admin-server-1.3.2.jar:1.3.2]
	at org.springframework.scheduling.support.DelegatingErrorHandlingRunnable.run(DelegatingErrorHandlingRunnable.java:54) [spring-context-4.2.4.RELEASE.jar:4.2.4.RELEASE]
	at java.util.concurrent.Executors$RunnableAdapter.call(Executors.java:511) [na:1.8.0_45]
	at java.util.concurrent.FutureTask.runAndReset(FutureTask.java:308) [na:1.8.0_45]
	at java.util.concurrent.ScheduledThreadPoolExecutor$ScheduledFutureTask.access$301(ScheduledThreadPoolExecutor.java:180) [na:1.8.0_45]
	at java.util.concurrent.ScheduledThreadPoolExecutor$ScheduledFutureTask.run(ScheduledThreadPoolExecutor.java:294) [na:1.8.0_45]
	at java.util.concurrent.ThreadPoolExecutor.runWorker(ThreadPoolExecutor.java:1142) [na:1.8.0_45]
	at java.util.concurrent.ThreadPoolExecutor$Worker.run(ThreadPoolExecutor.java:617) [na:1.8.0_45]
	at java.lang.Thread.run(Thread.java:745) [na:1.8.0_45]
Caused by: java.net.ConnectException: Connection refused: connect
	at java.net.DualStackPlainSocketImpl.connect0(Native Method) ~[na:1.8.0_45]
	at java.net.DualStackPlainSocketImpl.socketConnect(DualStackPlainSocketImpl.java:79) ~[na:1.8.0_45]
	at java.net.AbstractPlainSocketImpl.doConnect(AbstractPlainSocketImpl.java:345) ~[na:1.8.0_45]
	at java.net.AbstractPlainSocketImpl.connectToAddress(AbstractPlainSocketImpl.java:206) ~[na:1.8.0_45]
	at java.net.AbstractPlainSocketImpl.connect(AbstractPlainSocketImpl.java:188) ~[na:1.8.0_45]
	at java.net.PlainSocketImpl.connect(PlainSocketImpl.java:172) ~[na:1.8.0_45]
	at java.net.SocksSocketImpl.connect(SocksSocketImpl.java:392) ~[na:1.8.0_45]
	at java.net.Socket.connect(Socket.java:589) ~[na:1.8.0_45]
	at java.net.Socket.connect(Socket.java:538) ~[na:1.8.0_45]
	at sun.net.NetworkClient.doConnect(NetworkClient.java:180) ~[na:1.8.0_45]
	at sun.net.www.http.HttpClient.openServer(HttpClient.java:432) ~[na:1.8.0_45]
	at sun.net.www.http.HttpClient.openServer(HttpClient.java:527) ~[na:1.8.0_45]
	at sun.net.www.http.HttpClient.<init>(HttpClient.java:211) ~[na:1.8.0_45]
	at sun.net.www.http.HttpClient.New(HttpClient.java:308) ~[na:1.8.0_45]
	at sun.net.www.http.HttpClient.New(HttpClient.java:326) ~[na:1.8.0_45]
	at sun.net.www.protocol.http.HttpURLConnection.getNewHttpClient(HttpURLConnection.java:1168) ~[na:1.8.0_45]
	at sun.net.www.protocol.http.HttpURLConnection.plainConnect0(HttpURLConnection.java:1104) ~[na:1.8.0_45]
	at sun.net.www.protocol.http.HttpURLConnection.plainConnect(HttpURLConnection.java:998) ~[na:1.8.0_45]
	at sun.net.www.protocol.http.HttpURLConnection.connect(HttpURLConnection.java:932) ~[na:1.8.0_45]
	at org.springframework.http.client.SimpleBufferingClientHttpRequest.executeInternal(SimpleBufferingClientHttpRequest.java:80) ~[spring-web-4.2.4.RELEASE.jar:4.2.4.RELEASE]
	at org.springframework.http.client.AbstractBufferingClientHttpRequest.executeInternal(AbstractBufferingClientHttpRequest.java:48) ~[spring-web-4.2.4.RELEASE.jar:4.2.4.RELEASE]
	at org.springframework.http.client.AbstractClientHttpRequest.execute(AbstractClientHttpRequest.java:53) ~[spring-web-4.2.4.RELEASE.jar:4.2.4.RELEASE]
	at org.springframework.web.client.RestTemplate.doExecute(RestTemplate.java:596) ~[spring-web-4.2.4.RELEASE.jar:4.2.4.RELEASE]
	... 14 common frames omitted

2016-02-06 10:40:32.225  WARN 11196 --- [pool-4-thread-1] d.c.boot.admin.registry.StatusUpdater    : Couldn't retrieve status for Application [id=e67ba915, name=spring-boot-workshop, managementUrl=http://localhost:8585, healthUrl=http://localhost:8585/health, serviceUrl=http://localhost:8585]

org.springframework.web.client.ResourceAccessException: I/O error on GET request for "http://localhost:8585/health": Connection refused: connect; nested exception is java.net.ConnectException: Connection refused: connect
	at org.springframework.web.client.RestTemplate.doExecute(RestTemplate.java:607) ~[spring-web-4.2.4.RELEASE.jar:4.2.4.RELEASE]
	at org.springframework.web.client.RestTemplate.execute(RestTemplate.java:557) ~[spring-web-4.2.4.RELEASE.jar:4.2.4.RELEASE]
	at org.springframework.web.client.RestTemplate.getForEntity(RestTemplate.java:289) ~[spring-web-4.2.4.RELEASE.jar:4.2.4.RELEASE]
	at de.codecentric.boot.admin.registry.StatusUpdater.queryStatus(StatusUpdater.java:78) [spring-boot-admin-server-1.3.2.jar:1.3.2]
	at de.codecentric.boot.admin.registry.StatusUpdater.updateStatus(StatusUpdater.java:62) [spring-boot-admin-server-1.3.2.jar:1.3.2]
	at de.codecentric.boot.admin.registry.StatusUpdater.updateStatusForAllApplications(StatusUpdater.java:55) [spring-boot-admin-server-1.3.2.jar:1.3.2]
	at de.codecentric.boot.admin.config.AdminServerWebConfiguration$2.run(AdminServerWebConfiguration.java:189) [spring-boot-admin-server-1.3.2.jar:1.3.2]
	at org.springframework.scheduling.support.DelegatingErrorHandlingRunnable.run(DelegatingErrorHandlingRunnable.java:54) [spring-context-4.2.4.RELEASE.jar:4.2.4.RELEASE]
	at java.util.concurrent.Executors$RunnableAdapter.call(Executors.java:511) [na:1.8.0_45]
	at java.util.concurrent.FutureTask.runAndReset(FutureTask.java:308) [na:1.8.0_45]
	at java.util.concurrent.ScheduledThreadPoolExecutor$ScheduledFutureTask.access$301(ScheduledThreadPoolExecutor.java:180) [na:1.8.0_45]
	at java.util.concurrent.ScheduledThreadPoolExecutor$ScheduledFutureTask.run(ScheduledThreadPoolExecutor.java:294) [na:1.8.0_45]
	at java.util.concurrent.ThreadPoolExecutor.runWorker(ThreadPoolExecutor.java:1142) [na:1.8.0_45]
	at java.util.concurrent.ThreadPoolExecutor$Worker.run(ThreadPoolExecutor.java:617) [na:1.8.0_45]
	at java.lang.Thread.run(Thread.java:745) [na:1.8.0_45]
Caused by: java.net.ConnectException: Connection refused: connect
	at java.net.DualStackPlainSocketImpl.connect0(Native Method) ~[na:1.8.0_45]
	at java.net.DualStackPlainSocketImpl.socketConnect(DualStackPlainSocketImpl.java:79) ~[na:1.8.0_45]
	at java.net.AbstractPlainSocketImpl.doConnect(AbstractPlainSocketImpl.java:345) ~[na:1.8.0_45]
	at java.net.AbstractPlainSocketImpl.connectToAddress(AbstractPlainSocketImpl.java:206) ~[na:1.8.0_45]
	at java.net.AbstractPlainSocketImpl.connect(AbstractPlainSocketImpl.java:188) ~[na:1.8.0_45]
	at java.net.PlainSocketImpl.connect(PlainSocketImpl.java:172) ~[na:1.8.0_45]
	at java.net.SocksSocketImpl.connect(SocksSocketImpl.java:392) ~[na:1.8.0_45]
	at java.net.Socket.connect(Socket.java:589) ~[na:1.8.0_45]
	at java.net.Socket.connect(Socket.java:538) ~[na:1.8.0_45]
	at sun.net.NetworkClient.doConnect(NetworkClient.java:180) ~[na:1.8.0_45]
	at sun.net.www.http.HttpClient.openServer(HttpClient.java:432) ~[na:1.8.0_45]
	at sun.net.www.http.HttpClient.openServer(HttpClient.java:527) ~[na:1.8.0_45]
	at sun.net.www.http.HttpClient.<init>(HttpClient.java:211) ~[na:1.8.0_45]
	at sun.net.www.http.HttpClient.New(HttpClient.java:308) ~[na:1.8.0_45]
	at sun.net.www.http.HttpClient.New(HttpClient.java:326) ~[na:1.8.0_45]
	at sun.net.www.protocol.http.HttpURLConnection.getNewHttpClient(HttpURLConnection.java:1168) ~[na:1.8.0_45]
	at sun.net.www.protocol.http.HttpURLConnection.plainConnect0(HttpURLConnection.java:1104) ~[na:1.8.0_45]
	at sun.net.www.protocol.http.HttpURLConnection.plainConnect(HttpURLConnection.java:998) ~[na:1.8.0_45]
	at sun.net.www.protocol.http.HttpURLConnection.connect(HttpURLConnection.java:932) ~[na:1.8.0_45]
	at org.springframework.http.client.SimpleBufferingClientHttpRequest.executeInternal(SimpleBufferingClientHttpRequest.java:80) ~[spring-web-4.2.4.RELEASE.jar:4.2.4.RELEASE]
	at org.springframework.http.client.AbstractBufferingClientHttpRequest.executeInternal(AbstractBufferingClientHttpRequest.java:48) ~[spring-web-4.2.4.RELEASE.jar:4.2.4.RELEASE]
	at org.springframework.http.client.AbstractClientHttpRequest.execute(AbstractClientHttpRequest.java:53) ~[spring-web-4.2.4.RELEASE.jar:4.2.4.RELEASE]
	at org.springframework.web.client.RestTemplate.doExecute(RestTemplate.java:596) ~[spring-web-4.2.4.RELEASE.jar:4.2.4.RELEASE]
	... 14 common frames omitted

